#
# A fatal error has been detected by the Java Runtime Environment:
#
#  EXCEPTION_ACCESS_VIOLATION (0xc0000005) at pc=0x00007fff3986e938, pid=56048, tid=33824
#
# JRE version: OpenJDK Runtime Environment (15.0.2+7) (build 15.0.2+7-27)
# Java VM: OpenJDK 64-Bit Server VM (15.0.2+7-27, mixed mode, tiered, compressed oops, g1 gc, windows-amd64)
# Problematic frame:
# V  [jvm.dll+0x20e938]
#
# No core dump will be written. Minidumps are not enabled by default on client versions of Windows
#
# If you would like to submit a bug report, please visit:
#   https://bugreport.java.com/bugreport/crash.jsp
#

---------------  S U M M A R Y ------------

Command Line: -XX:+ShowCodeDetailsInExceptionMessages -agentlib:jdwp=transport=dt_socket,suspend=y,address=localhost:59298 -ea -javaagent:C:\Users\ishas\Downloads\eclipse-jee-2021-03-R-win32-x86_64\eclipse\configuration\org.eclipse.osgi\412\0\.cp\lib\javaagent-shaded.jar -Dfile.encoding=UTF-8 org.eclipse.jdt.internal.junit.runner.RemoteTestRunner -version 3 -port 59293 -testLoaderClass org.eclipse.jdt.internal.junit5.runner.JUnit5TestLoader -loaderpluginname org.eclipse.jdt.junit5.runtime -classNames com.citi.FeedGenerator.repository.TransactionRepositoryImplTest

Host: Intel(R) Core(TM) i5-8265U CPU @ 1.60GHz, 8 cores, 7G,  Windows 10 , 64 bit Build 22000 (10.0.22000.708)
Time: Fri Sep 23 13:58:05 2022 India Standard Time elapsed time: 1761.942430 seconds (0d 0h 29m 21s)

---------------  T H R E A D  ---------------

Current thread (0x00000298f8a23f20):  JavaThread "JDWP Transport Listener: dt_socket" daemon [_thread_in_vm, id=33824, stack(0x000000de57600000,0x000000de57700000)] _threads_hazard_ptr=0x00000298fa4d91e0

Stack: [0x000000de57600000,0x000000de57700000],  sp=0x000000de576fe868,  free space=1018k
Native frames: (J=compiled Java code, j=interpreted, Vv=VM code, C=native code)
V  [jvm.dll+0x20e938]


siginfo: EXCEPTION_ACCESS_VIOLATION (0xc0000005), reading address 0x00000298fa7b8478


Register to memory mapping:

RIP=0x00007fff3986e938 jvm.dll
RAX=0x0000000000194200 is an unknown value
RBX=0x00000298fa4e0240 is pointing into metadata
RCX=0x00000298fa624278 is pointing into metadata
RDX=0x000000000000ca0f is an unknown value
RSP=0x000000de576fe868 is pointing into the stack for thread: 0x00000298f8a23f20
RBP=0x000000de576fe9a0 is pointing into the stack for thread: 0x00000298f8a23f20
RSI=0x0 is NULL
RDI=0x000000de576fefb0 is pointing into the stack for thread: 0x00000298f8a23f20
R8 =0x0 is NULL
R9 =0x00000298fa4e0240 is pointing into metadata
R10=0x000000de576fefb0 is pointing into the stack for thread: 0x00000298f8a23f20
R11={method} {0x00000298fa4e0d60} 'test' '()V' in 'com/citi/FeedGenerator/repository/TransactionRepositoryImplTest'
R12=0x00007fff39660000 jvm.dll
R13=0x00000298f89ce5a0 points into unknown readable memory: 0x0000000082d74900 | 00 49 d7 82 00 00 00 00
R14=0x00000298fa4e0c95 is pointing into metadata
R15=0x0000000000000183 is an unknown value


Registers:
RAX=0x0000000000194200, RBX=0x00000298fa4e0240, RCX=0x00000298fa624278, RDX=0x000000000000ca0f
RSP=0x000000de576fe868, RBP=0x000000de576fe9a0, RSI=0x0000000000000000, RDI=0x000000de576fefb0
R8 =0x0000000000000000, R9 =0x00000298fa4e0240, R10=0x000000de576fefb0, R11=0x00000298fa4e0d58
R12=0x00007fff39660000, R13=0x00000298f89ce5a0, R14=0x00000298fa4e0c95, R15=0x0000000000000183
RIP=0x00007fff3986e938, EFLAGS=0x0000000000010206

Top of Stack: (sp=0x000000de576fe868)
0x000000de576fe868:   00007fff3986e9be 0000000000000000
0x000000de576fe878:   0000000000000001 00000298f5569800
0x000000de576fe888:   0000000000000000 000000de576fee20
0x000000de576fe898:   00007fff3995ff14 0000000000000000
0x000000de576fe8a8:   0000000000000001 0000000000000000
0x000000de576fe8b8:   0000000000000000 0000000000000000
0x000000de576fe8c8:   0000000000000000 00000298f98eb8e0
0x000000de576fe8d8:   000000000000000c 0000000000000000
0x000000de576fe8e8:   000000de576fe940 0000000000000000
0x000000de576fe8f8:   00000298f98eb8e0 0000002000000002
0x000000de576fe908:   0000000000000020 000000030000000c
0x000000de576fe918:   00000298f5569800 0000000000000000
0x000000de576fe928:   0000000046000146 0000000000000000
0x000000de576fe938:   0000000000000000 4fffffff4fffffff
0x000000de576fe948:   000000004fffffff 0000000000000000
0x000000de576fe958:   0000000000000000 0000000000000000 

Instructions: (pc=0x00007fff3986e938)
0x00007fff3986e838:   03 03 03 03 03 03 03 03 03 03 03 03 03 03 03 03
0x00007fff3986e848:   03 03 03 03 03 03 03 03 03 03 03 03 03 03 03 03
0x00007fff3986e858:   03 03 03 03 03 03 03 03 03 03 03 03 03 03 03 03
0x00007fff3986e868:   03 03 03 03 03 03 03 03 03 03 03 03 03 03 03 03
0x00007fff3986e878:   03 03 03 02 03 03 02 cc 48 89 5c 24 08 48 89 74
0x00007fff3986e888:   24 10 57 48 83 ec 20 48 63 da 41 0f b6 f0 48 8b
0x00007fff3986e898:   f9 85 d2 79 24 4c 8d 0d bc 97 66 00 ba af 02 00
0x00007fff3986e8a8:   00 4c 8d 05 e8 97 66 00 48 8d 0d 61 97 66 00 e8
0x00007fff3986e8b8:   54 79 00 00 e8 7f c0 41 00 40 84 f6 75 18 48 8b
0x00007fff3986e8c8:   4f 10 48 85 c9 74 0f 48 8d 43 01 48 c1 e0 05 48
0x00007fff3986e8d8:   8b 04 08 0f b7 d8 48 8b 74 24 38 48 63 c3 48 8b
0x00007fff3986e8e8:   5c 24 30 0f b7 44 c7 48 48 83 c4 20 5f c3 cc cc
0x00007fff3986e8f8:   cc cc cc cc cc cc cc cc 4c 8b c9 45 84 c0 75 41
0x00007fff3986e908:   48 8b 49 10 48 85 c9 74 38 85 d2 79 19 f7 d2 8b
0x00007fff3986e918:   c2 48 ff c0 48 c1 e0 05 48 8b 04 08 0f b7 c8 41
0x00007fff3986e928:   0f b7 44 c9 4a c3 48 63 c2 48 ff c0 48 c1 e0 05
0x00007fff3986e938:   48 8b 04 08 0f b7 d0 48 63 c2 41 0f b7 44 c1 4a
0x00007fff3986e948:   c3 49 8b 41 08 4c 63 c2 42 0f b6 44 00 04 8d 48
0x00007fff3986e958:   ef 80 f9 01 76 0e 3c 6a 74 0a 48 63 c2 41 0f b7
0x00007fff3986e968:   44 c1 4a c3 43 0f b7 44 c1 4a c3 cc cc cc cc cc
0x00007fff3986e978:   cc cc cc cc cc cc cc cc 40 53 48 83 ec 20 48 8b
0x00007fff3986e988:   d9 e8 72 ff ff ff 48 63 d0 0f b7 44 d3 48 48 8b
0x00007fff3986e998:   44 c3 48 48 83 c4 20 5b c3 cc cc cc cc cc cc cc
0x00007fff3986e9a8:   cc cc cc cc cc cc cc cc 40 53 48 83 ec 20 48 8b
0x00007fff3986e9b8:   d9 e8 42 ff ff ff 48 63 d0 0f b7 44 d3 4a 48 8b
0x00007fff3986e9c8:   44 c3 48 48 83 c4 20 5b c3 cc cc cc cc cc cc cc
0x00007fff3986e9d8:   cc cc cc cc cc cc cc cc 4c 8b d1 45 84 c9 75 28
0x00007fff3986e9e8:   4c 8b 49 10 4d 85 c9 74 1f 45 85 c0 79 08 41 f7
0x00007fff3986e9f8:   d0 41 8b c0 eb 03 49 63 c0 48 ff c0 48 c1 e0 05
0x00007fff3986ea08:   4a 8b 04 08 44 0f b7 c0 49 8b 42 08 49 63 c8 0f
0x00007fff3986ea18:   b6 4c 08 04 48 8b c2 88 0a c3 cc cc cc cc cc cc
0x00007fff3986ea28:   cc cc cc cc cc cc cc cc 40 56 57 41 54 41 56 41 


Stack slot to memory mapping:
stack at sp + 0 slots: 0x00007fff3986e9be jvm.dll
stack at sp + 1 slots: 0x0 is NULL
stack at sp + 2 slots: 0x0000000000000001 is an unknown value
stack at sp + 3 slots: 0x00000298f5569800 points into unknown readable memory: 0x616a00106e30ffff | ff ff 30 6e 10 00 6a 61
stack at sp + 4 slots: 0x0 is NULL
stack at sp + 5 slots: 0x000000de576fee20 is pointing into the stack for thread: 0x00000298f8a23f20
stack at sp + 6 slots: 0x00007fff3995ff14 jvm.dll
stack at sp + 7 slots: 0x0 is NULL


---------------  P R O C E S S  ---------------

Threads class SMR info:
_java_thread_list=0x00000298fa4d91e0, length=15, elements={
0x00000298dd2e0b20, 0x00000298f8742350, 0x00000298f8746c30, 0x00000298f87b0000,
0x00000298f87b08c0, 0x00000298f87b1180, 0x00000298f87c1f70, 0x00000298f87c3910,
0x00000298f87d6d90, 0x00000298f8730090, 0x00000298f8a23f20, 0x00000298f8a36d60,
0x00000298f8a37250, 0x00000298f9144fd0, 0x00000298f99020b0
}

Java Threads: ( => current thread )
  0x00000298dd2e0b20 JavaThread "main" [_thread_blocked, id=36352, stack(0x000000de56400000,0x000000de56500000)]
  0x00000298f8742350 JavaThread "Reference Handler" daemon [_thread_blocked, id=20892, stack(0x000000de56d00000,0x000000de56e00000)]
  0x00000298f8746c30 JavaThread "Finalizer" daemon [_thread_blocked, id=52768, stack(0x000000de56e00000,0x000000de56f00000)]
  0x00000298f87b0000 JavaThread "Signal Dispatcher" daemon [_thread_blocked, id=52500, stack(0x000000de56f00000,0x000000de57000000)]
  0x00000298f87b08c0 JavaThread "Attach Listener" daemon [_thread_blocked, id=53848, stack(0x000000de57000000,0x000000de57100000)]
  0x00000298f87b1180 JavaThread "Service Thread" daemon [_thread_blocked, id=62136, stack(0x000000de57100000,0x000000de57200000)]
  0x00000298f87c1f70 JavaThread "C2 CompilerThread0" daemon [_thread_blocked, id=51256, stack(0x000000de57200000,0x000000de57300000)]
  0x00000298f87c3910 JavaThread "C1 CompilerThread0" daemon [_thread_blocked, id=37572, stack(0x000000de57300000,0x000000de57400000)]
  0x00000298f87d6d90 JavaThread "Sweeper thread" daemon [_thread_blocked, id=38560, stack(0x000000de57400000,0x000000de57500000)]
  0x00000298f8730090 JavaThread "Common-Cleaner" daemon [_thread_blocked, id=60556, stack(0x000000de57500000,0x000000de57600000)]
=>0x00000298f8a23f20 JavaThread "JDWP Transport Listener: dt_socket" daemon [_thread_in_vm, id=33824, stack(0x000000de57600000,0x000000de57700000)]
  0x00000298f8a36d60 JavaThread "JDWP Event Helper Thread" daemon [_thread_blocked, id=63500, stack(0x000000de57700000,0x000000de57800000)]
  0x00000298f8a37250 JavaThread "JDWP Command Reader" daemon [_thread_in_native, id=65280, stack(0x000000de57800000,0x000000de57900000)]
  0x00000298f9144fd0 JavaThread "Notification Thread" daemon [_thread_blocked, id=22156, stack(0x000000de57a00000,0x000000de57b00000)]
  0x00000298f99020b0 JavaThread "ReaderThread" [_thread_in_native, id=46868, stack(0x000000de57d00000,0x000000de57e00000)]

Other Threads:
  0x00000298f8739fe0 VMThread "VM Thread" [stack: 0x000000de56c00000,0x000000de56d00000] [id=47508]
  0x00000298dd2e16a0 WatcherThread [stack: 0x000000de57b00000,0x000000de57c00000] [id=10424]
  0x00000298dd320f60 GCTaskThread "GC Thread#0" [stack: 0x000000de56700000,0x000000de56800000] [id=43756]
  0x00000298f90d6d20 GCTaskThread "GC Thread#1" [stack: 0x000000de57e00000,0x000000de57f00000] [id=53188]
  0x00000298f90d7d10 GCTaskThread "GC Thread#2" [stack: 0x000000de57f00000,0x000000de58000000] [id=50304]
  0x00000298f90d7050 GCTaskThread "GC Thread#3" [stack: 0x000000de58000000,0x000000de58100000] [id=10984]
  0x00000298dd32ea70 ConcurrentGCThread "G1 Main Marker" [stack: 0x000000de56800000,0x000000de56900000] [id=44828]
  0x00000298f5463570 ConcurrentGCThread "G1 Conc#0" [stack: 0x000000de56900000,0x000000de56a00000] [id=12964]
  0x00000298f90d89d0 ConcurrentGCThread "G1 Conc#1" [stack: 0x000000de58100000,0x000000de58200000] [id=22564]
  0x00000298f54d3710 ConcurrentGCThread "G1 Refine#0" [stack: 0x000000de56a00000,0x000000de56b00000] [id=55384]
  0x00000298f54d3e60 ConcurrentGCThread "G1 Young RemSet Sampling" [stack: 0x000000de56b00000,0x000000de56c00000] [id=42132]

Threads with active compile tasks:

VM state: not at safepoint (normal execution)

VM Mutex/Monitor currently owned by a thread: None

Heap address: 0x0000000081e00000, size: 2018 MB, Compressed Oops mode: 32-bit
CDS disabled.
Compressed class space mapped at: 0x0000000100000000-0x0000000140000000, size: 1073741824
Narrow klass base: 0x0000000000000000, Narrow klass shift: 3, Narrow klass range: 0x140000000

GC Precious Log:
 CPUs: 8 total, 8 available
 Memory: 8070M
 Large Page Support: Disabled
 NUMA Support: Disabled
 Compressed Oops: Enabled (32-bit)
 Heap Region Size: 1M
 Heap Min Capacity: 8M
 Heap Initial Capacity: 128M
 Heap Max Capacity: 2018M
 Pre-touch: Disabled
 Parallel Workers: 8
 Concurrent Workers: 2
 Concurrent Refinement Workers: 8
 Periodic GC: Disabled

Heap:
 garbage-first heap   total 40960K, used 20885K [0x0000000081e00000, 0x0000000100000000)
  region size 1024K, 13 young (13312K), 2 survivors (2048K)
 Metaspace       used 22928K, capacity 23306K, committed 23420K, reserved 1069056K
  class space    used 2783K, capacity 2895K, committed 2944K, reserved 1048576K

Heap Regions: E=young(eden), S=young(survivor), O=old, HS=humongous(starts), HC=humongous(continues), CS=collection set, F=free, OA=open archive, CA=closed archive, TAMS=top-at-mark-start (previous, next)
|   0|0x0000000081e00000, 0x0000000081f00000, 0x0000000081f00000|100%|HS|  |TAMS 0x0000000081f00000, 0x0000000081e00000| Complete 
|   1|0x0000000081f00000, 0x0000000082000000, 0x0000000082000000|100%| O|  |TAMS 0x0000000082000000, 0x0000000081f00000| Untracked 
|   2|0x0000000082000000, 0x0000000082100000, 0x0000000082100000|100%| O|  |TAMS 0x0000000082100000, 0x0000000082000000| Untracked 
|   3|0x0000000082100000, 0x0000000082200000, 0x0000000082200000|100%| O|  |TAMS 0x0000000082200000, 0x0000000082100000| Untracked 
|   4|0x0000000082200000, 0x0000000082300000, 0x0000000082300000|100%| O|  |TAMS 0x0000000082300000, 0x0000000082200000| Untracked 
|   5|0x0000000082300000, 0x0000000082400000, 0x0000000082400000|100%| O|  |TAMS 0x0000000082400000, 0x0000000082300000| Untracked 
|   6|0x0000000082400000, 0x0000000082500000, 0x0000000082500000|100%| O|  |TAMS 0x0000000082500000, 0x0000000082400000| Untracked 
|   7|0x0000000082500000, 0x00000000825bb000, 0x0000000082600000| 73%| O|  |TAMS 0x00000000825bb000, 0x0000000082500000| Untracked 
|   8|0x0000000082600000, 0x0000000082700000, 0x0000000082700000|100%| O|  |TAMS 0x0000000082600000, 0x0000000082600000| Untracked 
|   9|0x0000000082700000, 0x000000008271be00, 0x0000000082800000| 10%| O|  |TAMS 0x0000000082700000, 0x0000000082700000| Untracked 
|  10|0x0000000082800000, 0x0000000082800000, 0x0000000082900000|  0%| F|  |TAMS 0x0000000082800000, 0x0000000082800000| Untracked 
|  11|0x0000000082900000, 0x0000000082900000, 0x0000000082a00000|  0%| F|  |TAMS 0x0000000082900000, 0x0000000082900000| Untracked 
|  12|0x0000000082a00000, 0x0000000082a00000, 0x0000000082b00000|  0%| F|  |TAMS 0x0000000082a00000, 0x0000000082a00000| Untracked 
|  13|0x0000000082b00000, 0x0000000082b00000, 0x0000000082c00000|  0%| F|  |TAMS 0x0000000082b00000, 0x0000000082b00000| Untracked 
|  14|0x0000000082c00000, 0x0000000082c8e950, 0x0000000082d00000| 55%| S|CS|TAMS 0x0000000082c00000, 0x0000000082c00000| Complete 
|  15|0x0000000082d00000, 0x0000000082e00000, 0x0000000082e00000|100%| S|CS|TAMS 0x0000000082d00000, 0x0000000082d00000| Complete 
|  16|0x0000000082e00000, 0x0000000082e00000, 0x0000000082f00000|  0%| F|  |TAMS 0x0000000082e00000, 0x0000000082e00000| Untracked 
|  17|0x0000000082f00000, 0x0000000082f00000, 0x0000000083000000|  0%| F|  |TAMS 0x0000000082f00000, 0x0000000082f00000| Untracked 
|  18|0x0000000083000000, 0x0000000083000000, 0x0000000083100000|  0%| F|  |TAMS 0x0000000083000000, 0x0000000083000000| Untracked 
|  19|0x0000000083100000, 0x0000000083100000, 0x0000000083200000|  0%| F|  |TAMS 0x0000000083100000, 0x0000000083100000| Untracked 
|  20|0x0000000083200000, 0x0000000083200000, 0x0000000083300000|  0%| F|  |TAMS 0x0000000083200000, 0x0000000083200000| Untracked 
|  21|0x0000000083300000, 0x0000000083300000, 0x0000000083400000|  0%| F|  |TAMS 0x0000000083300000, 0x0000000083300000| Untracked 
|  22|0x0000000083400000, 0x0000000083400000, 0x0000000083500000|  0%| F|  |TAMS 0x0000000083400000, 0x0000000083400000| Untracked 
|  23|0x0000000083500000, 0x0000000083500000, 0x0000000083600000|  0%| F|  |TAMS 0x0000000083500000, 0x0000000083500000| Untracked 
|  24|0x0000000083600000, 0x0000000083600000, 0x0000000083700000|  0%| F|  |TAMS 0x0000000083600000, 0x0000000083600000| Untracked 
|  25|0x0000000083700000, 0x0000000083700000, 0x0000000083800000|  0%| F|  |TAMS 0x0000000083700000, 0x0000000083700000| Untracked 
|  26|0x0000000083800000, 0x0000000083800000, 0x0000000083900000|  0%| F|  |TAMS 0x0000000083800000, 0x0000000083800000| Untracked 
|  27|0x0000000083900000, 0x0000000083900000, 0x0000000083a00000|  0%| F|  |TAMS 0x0000000083900000, 0x0000000083900000| Untracked 
|  28|0x0000000083a00000, 0x0000000083a00000, 0x0000000083b00000|  0%| F|  |TAMS 0x0000000083a00000, 0x0000000083a00000| Untracked 
|  29|0x0000000083b00000, 0x0000000083babed0, 0x0000000083c00000| 67%| E|  |TAMS 0x0000000083b00000, 0x0000000083b00000| Complete 
|  30|0x0000000083c00000, 0x0000000083d00000, 0x0000000083d00000|100%| E|CS|TAMS 0x0000000083c00000, 0x0000000083c00000| Complete 
|  31|0x0000000083d00000, 0x0000000083e00000, 0x0000000083e00000|100%| E|CS|TAMS 0x0000000083d00000, 0x0000000083d00000| Complete 
|  32|0x0000000083e00000, 0x0000000083f00000, 0x0000000083f00000|100%| E|CS|TAMS 0x0000000083e00000, 0x0000000083e00000| Complete 
|  33|0x0000000083f00000, 0x0000000084000000, 0x0000000084000000|100%| E|CS|TAMS 0x0000000083f00000, 0x0000000083f00000| Complete 
|  34|0x0000000084000000, 0x0000000084100000, 0x0000000084100000|100%| E|CS|TAMS 0x0000000084000000, 0x0000000084000000| Complete 
|  35|0x0000000084100000, 0x0000000084200000, 0x0000000084200000|100%| E|CS|TAMS 0x0000000084100000, 0x0000000084100000| Complete 
|  72|0x0000000086600000, 0x0000000086700000, 0x0000000086700000|100%| E|CS|TAMS 0x0000000086600000, 0x0000000086600000| Complete 
|  73|0x0000000086700000, 0x0000000086800000, 0x0000000086800000|100%| E|CS|TAMS 0x0000000086700000, 0x0000000086700000| Complete 
|  74|0x0000000086800000, 0x0000000086900000, 0x0000000086900000|100%| E|CS|TAMS 0x0000000086800000, 0x0000000086800000| Complete 
| 127|0x0000000089d00000, 0x0000000089e00000, 0x0000000089e00000|100%| E|CS|TAMS 0x0000000089d00000, 0x0000000089d00000| Complete 

Card table byte_map: [0x00000298f0d00000,0x00000298f1100000] _byte_map_base: 0x00000298f08f1000

Marking Bits (Prev, Next): (CMBitMap*) 0x00000298dd3215a0, (CMBitMap*) 0x00000298dd321560
 Prev Bits: [0x00000298f3490000, 0x00000298f5418000)
 Next Bits: [0x00000298f1500000, 0x00000298f3488000)

Polling page: 0x00000298dd350000

Metaspace:

Usage:
  Non-class:     19.93 MB capacity,    19.67 MB ( 99%) used,   238.04 KB (  1%) free+waste,    27.31 KB ( <1%) overhead. 
      Class:      2.83 MB capacity,     2.72 MB ( 96%) used,   101.01 KB (  3%) free+waste,    10.81 KB ( <1%) overhead. 
       Both:     22.76 MB capacity,    22.39 MB ( 98%) used,   339.05 KB (  1%) free+waste,    38.12 KB ( <1%) overhead. 

Virtual space:
  Non-class space:       20.00 MB reserved,      20.00 MB (>99%) committed 
      Class space:        1.00 GB reserved,       2.88 MB ( <1%) committed 
             Both:        1.02 GB reserved,      22.87 MB (  2%) committed 

Chunk freelists:
   Non-Class:  5.00 KB
       Class:  17.00 KB
        Both:  22.00 KB

MaxMetaspaceSize: 17179869184.00 GB
CompressedClassSpaceSize: 1.00 GB

CodeHeap 'non-profiled nmethods': size=120000Kb used=1618Kb max_used=1618Kb free=118381Kb
 bounds [0x00000298e8970000, 0x00000298e8be0000, 0x00000298efea0000]
CodeHeap 'profiled nmethods': size=120000Kb used=5373Kb max_used=5373Kb free=114626Kb
 bounds [0x00000298e1440000, 0x00000298e1980000, 0x00000298e8970000]
CodeHeap 'non-nmethods': size=5760Kb used=1265Kb max_used=1366Kb free=4494Kb
 bounds [0x00000298e0ea0000, 0x00000298e1110000, 0x00000298e1440000]
 total_blobs=3241 nmethods=2811 adapters=342
 compilation: enabled
              stopped_count=0, restarted_count=0
 full_count=0

Compilation events (20 events):
Event: 403.051 Thread 0x00000298f87c3910 nmethod 2806 0x00000298e197d590 code [0x00000298e197d740, 0x00000298e197da28]
Event: 403.080 Thread 0x00000298f87c1f70 nmethod 2798 0x00000298e8af6990 code [0x00000298e8af6b60, 0x00000298e8af82d8]
Event: 403.080 Thread 0x00000298f87c1f70 2804 %     4       java.util.Properties::saveConvert @ 35 (434 bytes)
Event: 403.279 Thread 0x00000298f87c1f70 nmethod 2804% 0x00000298e8af8c10 code [0x00000298e8af8ee0, 0x00000298e8afc980]
Event: 414.804 Thread 0x00000298f87c3910 2807       3       java.io.OutputStream::<init> (5 bytes)
Event: 414.806 Thread 0x00000298f87c3910 nmethod 2807 0x00000298e197db90 code [0x00000298e197dd20, 0x00000298e197de78]
Event: 414.809 Thread 0x00000298f87c1f70 2808       4       java.util.Properties::saveConvert (434 bytes)
Event: 414.811 Thread 0x00000298f87c3910 2809 %     3       sun.nio.cs.ISO_8859_1$Encoder::implEncodeISOArray @ 3 (47 bytes)
Event: 414.813 Thread 0x00000298f87c3910 nmethod 2809% 0x00000298e197df10 code [0x00000298e197e0c0, 0x00000298e197e3b8]
Event: 414.813 Thread 0x00000298f87c3910 2810       3       sun.nio.cs.ISO_8859_1$Encoder::implEncodeISOArray (47 bytes)
Event: 414.814 Thread 0x00000298f87c3910 nmethod 2810 0x00000298e197e510 code [0x00000298e197e6c0, 0x00000298e197e918]
Event: 414.851 Thread 0x00000298f87c3910 2811       3       java.lang.System::lineSeparator (4 bytes)
Event: 414.853 Thread 0x00000298f87c3910 nmethod 2811 0x00000298e197ea90 code [0x00000298e197ec20, 0x00000298e197ed18]
Event: 414.853 Thread 0x00000298f87c3910 2812       3       java.io.BufferedWriter::newLine (8 bytes)
Event: 414.854 Thread 0x00000298f87c3910 nmethod 2812 0x00000298e197ed90 code [0x00000298e197ef60, 0x00000298e197f308]
Event: 414.997 Thread 0x00000298f87c1f70 nmethod 2808 0x00000298e8afe210 code [0x00000298e8afe4c0, 0x00000298e8b020c0]
Event: 672.509 Thread 0x00000298f87c1f70 2813 %     4       sun.nio.cs.ISO_8859_1$Encoder::implEncodeISOArray @ 3 (47 bytes)
Event: 672.534 Thread 0x00000298f87c1f70 nmethod 2813% 0x00000298e8b03910 code [0x00000298e8b03aa0, 0x00000298e8b03fd8]
Event: 677.876 Thread 0x00000298f87c1f70 2814       4       sun.nio.cs.ISO_8859_1$Encoder::implEncodeISOArray (47 bytes)
Event: 677.891 Thread 0x00000298f87c1f70 nmethod 2814 0x00000298e8b04210 code [0x00000298e8b043a0, 0x00000298e8b04978]

GC Heap History (8 events):
Event: 2.407 GC heap before
{Heap before GC invocations=0 (full 0):
 garbage-first heap   total 131072K, used 23552K [0x0000000081e00000, 0x0000000100000000)
  region size 1024K, 23 young (23552K), 0 survivors (0K)
 Metaspace       used 12347K, capacity 12489K, committed 12800K, reserved 1060864K
  class space    used 1109K, capacity 1154K, committed 1280K, reserved 1048576K
}
Event: 2.415 GC heap after
{Heap after GC invocations=1 (full 0):
 garbage-first heap   total 131072K, used 7784K [0x0000000081e00000, 0x0000000100000000)
  region size 1024K, 3 young (3072K), 3 survivors (3072K)
 Metaspace       used 12347K, capacity 12489K, committed 12800K, reserved 1060864K
  class space    used 1109K, capacity 1154K, committed 1280K, reserved 1048576K
}
Event: 3.242 GC heap before
{Heap before GC invocations=1 (full 0):
 garbage-first heap   total 131072K, used 33384K [0x0000000081e00000, 0x0000000100000000)
  region size 1024K, 28 young (28672K), 3 survivors (3072K)
 Metaspace       used 15924K, capacity 16159K, committed 16384K, reserved 1064960K
  class space    used 1618K, capacity 1668K, committed 1792K, reserved 1048576K
}
Event: 3.249 GC heap after
{Heap after GC invocations=2 (full 0):
 garbage-first heap   total 131072K, used 9404K [0x0000000081e00000, 0x0000000100000000)
  region size 1024K, 2 young (2048K), 2 survivors (2048K)
 Metaspace       used 15924K, capacity 16159K, committed 16384K, reserved 1064960K
  class space    used 1618K, capacity 1668K, committed 1792K, reserved 1048576K
}
Event: 5.242 GC heap before
{Heap before GC invocations=2 (full 0):
 garbage-first heap   total 131072K, used 60604K [0x0000000081e00000, 0x0000000100000000)
  region size 1024K, 53 young (54272K), 2 survivors (2048K)
 Metaspace       used 20912K, capacity 21194K, committed 21248K, reserved 1069056K
  class space    used 2495K, capacity 2549K, committed 2560K, reserved 1048576K
}
Event: 5.248 GC heap after
{Heap after GC invocations=3 (full 0):
 garbage-first heap   total 131072K, used 10252K [0x0000000081e00000, 0x0000000100000000)
  region size 1024K, 3 young (3072K), 3 survivors (3072K)
 Metaspace       used 20912K, capacity 21194K, committed 21248K, reserved 1069056K
  class space    used 2495K, capacity 2549K, committed 2560K, reserved 1048576K
}
Event: 6.050 GC heap before
{Heap before GC invocations=4 (full 0):
 garbage-first heap   total 40960K, used 31756K [0x0000000081e00000, 0x0000000100000000)
  region size 1024K, 24 young (24576K), 3 survivors (3072K)
 Metaspace       used 22318K, capacity 22686K, committed 22780K, reserved 1069056K
  class space    used 2705K, capacity 2797K, committed 2816K, reserved 1048576K
}
Event: 6.056 GC heap after
{Heap after GC invocations=5 (full 0):
 garbage-first heap   total 40960K, used 10645K [0x0000000081e00000, 0x0000000100000000)
  region size 1024K, 2 young (2048K), 2 survivors (2048K)
 Metaspace       used 22318K, capacity 22686K, committed 22780K, reserved 1069056K
  class space    used 2705K, capacity 2797K, committed 2816K, reserved 1048576K
}

Deoptimization events (20 events):
Event: 414.813 Thread 0x00000298f87b08c0 DEOPT PACKING pc=0x00000298e197e32e sp=0x000000de570fec40
Event: 414.815 Thread 0x00000298f87b08c0 DEOPT UNPACKING pc=0x00000298e0eee23f sp=0x000000de570fe118 mode 0
Event: 414.851 Thread 0x00000298f87b08c0 DEOPT PACKING pc=0x00000298e16dcffd sp=0x000000de570ff200
Event: 414.851 Thread 0x00000298f87b08c0 DEOPT UNPACKING pc=0x00000298e0eee23f sp=0x000000de570fe740 mode 0
Event: 414.852 Thread 0x00000298f87b08c0 DEOPT PACKING pc=0x00000298e197e88b sp=0x000000de570fec80
Event: 414.852 Thread 0x00000298f87b08c0 DEOPT UNPACKING pc=0x00000298e0eee23f sp=0x000000de570fe118 mode 0
Event: 414.852 Thread 0x00000298f87b08c0 DEOPT PACKING pc=0x00000298e197e88b sp=0x000000de570fec80
Event: 414.852 Thread 0x00000298f87b08c0 DEOPT UNPACKING pc=0x00000298e0eee23f sp=0x000000de570fe118 mode 0
Event: 672.502 Thread 0x00000298f87b08c0 DEOPT PACKING pc=0x00000298e197e88b sp=0x000000de570fec80
Event: 672.503 Thread 0x00000298f87b08c0 DEOPT UNPACKING pc=0x00000298e0eee23f sp=0x000000de570fe118 mode 0
Event: 672.507 Thread 0x00000298f87b08c0 DEOPT PACKING pc=0x00000298e197e88b sp=0x000000de570fec80
Event: 672.507 Thread 0x00000298f87b08c0 DEOPT UNPACKING pc=0x00000298e0eee23f sp=0x000000de570fe118 mode 0
Event: 672.517 Thread 0x00000298f87b08c0 DEOPT PACKING pc=0x00000298e197e88b sp=0x000000de570fec80
Event: 672.517 Thread 0x00000298f87b08c0 DEOPT UNPACKING pc=0x00000298e0eee23f sp=0x000000de570fe118 mode 0
Event: 672.518 Thread 0x00000298f87b08c0 DEOPT PACKING pc=0x00000298e197e88b sp=0x000000de570fec80
Event: 672.521 Thread 0x00000298f87b08c0 DEOPT UNPACKING pc=0x00000298e0eee23f sp=0x000000de570fe118 mode 0
Event: 677.876 Thread 0x00000298f87b08c0 DEOPT PACKING pc=0x00000298e197e88b sp=0x000000de570fec80
Event: 677.877 Thread 0x00000298f87b08c0 DEOPT UNPACKING pc=0x00000298e0eee23f sp=0x000000de570fe118 mode 0
Event: 677.880 Thread 0x00000298f87b08c0 DEOPT PACKING pc=0x00000298e197e88b sp=0x000000de570fec80
Event: 677.880 Thread 0x00000298f87b08c0 DEOPT UNPACKING pc=0x00000298e0eee23f sp=0x000000de570fe118 mode 0

Classes unloaded (0 events):
No events

Classes redefined (6 events):
Event: 507.623 Thread 0x00000298f8739fe0 redefined class name=com.citi.FeedGenerator.repository.TransactionRepositoryImplTest, count=1
Event: 507.943 Thread 0x00000298f8739fe0 redefined class name=com.citi.FeedGenerator.dto.Transaction, count=1
Event: 507.943 Thread 0x00000298f8739fe0 redefined class name=com.citi.FeedGenerator.repository.TransactionRepository, count=1
Event: 507.943 Thread 0x00000298f8739fe0 redefined class name=com.citi.FeedGenerator.repository.TransactionRepositoryImpl, count=1
Event: 507.943 Thread 0x00000298f8739fe0 redefined class name=com.citi.FeedGenerator.dto.Person, count=1
Event: 1761.565 Thread 0x00000298f8739fe0 redefined class name=com.citi.FeedGenerator.repository.TransactionRepositoryImplTest, count=2

Internal exceptions (20 events):
Event: 2.800 Thread 0x00000298dd2e0b20 Exception <a 'java/lang/NoSuchMethodError'{0x000000008930f6b0}: 'void java.lang.invoke.DirectMethodHandle$Holder.invokeStatic(java.lang.Object, java.lang.Object, java.lang.Object, java.lang.Object)'> (0x000000008930f6b0) 
thrown [./open/src/hotspot/share/interpreter/linkResolver.cpp, line 782]
Event: 2.831 Thread 0x00000298dd2e0b20 Exception <a 'java/lang/NoSuchMethodError'{0x00000000893fe058}: 'int java.lang.invoke.DirectMethodHandle$Holder.invokeStatic(java.lang.Object, java.lang.Object, java.lang.Object, java.lang.Object)'> (0x00000000893fe058) 
thrown [./open/src/hotspot/share/interpreter/linkResolver.cpp, line 782]
Event: 2.832 Thread 0x00000298dd2e0b20 Exception <a 'java/lang/NoSuchMethodError'{0x00000000892021d8}: 'java.lang.Object java.lang.invoke.Invokers$Holder.invokeExact_MT(java.lang.Object, java.lang.Object, java.lang.Object, java.lang.Object, java.lang.Object, java.lang.Object)'> (0x00000000892021d8) 
thrown [./open/src/hotspot/share/interpreter/linkResolver.cpp, line 782]
Event: 2.834 Thread 0x00000298dd2e0b20 Exception <a 'java/lang/NoSuchMethodError'{0x00000000892130f0}: 'int java.lang.invoke.DirectMethodHandle$Holder.invokeStatic(java.lang.Object, java.lang.Object, java.lang.Object, java.lang.Object, java.lang.Object)'> (0x00000000892130f0) 
thrown [./open/src/hotspot/share/interpreter/linkResolver.cpp, line 782]
Event: 2.859 Thread 0x00000298dd2e0b20 Exception <a 'java/lang/NoSuchMethodError'{0x00000000892a8520}: 'void java.lang.invoke.DirectMethodHandle$Holder.invokeStaticInit(java.lang.Object)'> (0x00000000892a8520) 
thrown [./open/src/hotspot/share/interpreter/linkResolver.cpp, line 782]
Event: 2.925 Thread 0x00000298dd2e0b20 Exception <a 'java/lang/NoSuchMethodError'{0x00000000890ec470}: 'int java.lang.invoke.DirectMethodHandle$Holder.invokeStaticInit(java.lang.Object, java.lang.Object)'> (0x00000000890ec470) 
thrown [./open/src/hotspot/share/interpreter/linkResolver.cpp, line 782]
Event: 3.033 Thread 0x00000298dd2e0b20 Exception <a 'java/lang/NoSuchMethodError'{0x0000000088b850c8}: 'java.lang.Object java.lang.invoke.DirectMethodHandle$Holder.newInvokeSpecial(java.lang.Object, java.lang.Object, java.lang.Object, java.lang.Object, java.lang.Object, java.lang.Object, java.lang.Object)'> (0x0000000088b850c8) 
thrown [./open/src/hotspot/share/interpreter/linkResolver.cpp, line 782]
Event: 3.034 Thread 0x00000298dd2e0b20 Exception <a 'java/lang/NoSuchMethodError'{0x0000000088b89e80}: 'java.lang.Object java.lang.invoke.Invokers$Holder.linkToTargetMethod(java.lang.Object, java.lang.Object, java.lang.Object, java.lang.Object, java.lang.Object, java.lang.Object, java.lang.Object)'> (0x0000000088b89e80) 
thrown [./open/src/hotspot/share/interpreter/linkResolver.cpp, line 782]
Event: 3.035 Thread 0x00000298dd2e0b20 Exception <a 'java/lang/NoSuchMethodError'{0x0000000088b907e0}: 'java.lang.Object java.lang.invoke.DirectMethodHandle$Holder.invokeInterface(java.lang.Object, java.lang.Object, java.lang.Object, java.lang.Object, java.lang.Object)'> (0x0000000088b907e0) 
thrown [./open/src/hotspot/share/interpreter/linkResolver.cpp, line 782]
Event: 3.036 Thread 0x00000298dd2e0b20 Exception <a 'java/lang/IncompatibleClassChangeError'{0x0000000088b947d8}: Found class java.lang.Object, but interface was expected> (0x0000000088b947d8) 
thrown [./open/src/hotspot/share/interpreter/linkResolver.cpp, line 848]
Event: 3.051 Thread 0x00000298dd2e0b20 Exception <a 'java/lang/NoSuchMethodError'{0x0000000088bfe3c8}: 'int java.lang.invoke.DirectMethodHandle$Holder.invokeInterface(java.lang.Object, java.lang.Object)'> (0x0000000088bfe3c8) 
thrown [./open/src/hotspot/share/interpreter/linkResolver.cpp, line 782]
Event: 3.140 Thread 0x00000298dd2e0b20 Exception <a 'java/lang/ClassNotFoundException'{0x00000000888575f8}: org/powermock/configuration/MockitoConfigurationBeanInfo> (0x00000000888575f8) 
thrown [./open/src/hotspot/share/classfile/systemDictionary.cpp, line 295]
Event: 3.142 Thread 0x00000298dd2e0b20 Exception <a 'java/lang/ClassNotFoundException'{0x000000008885fd70}: org/powermock/configuration/MockitoConfigurationCustomizer> (0x000000008885fd70) 
thrown [./open/src/hotspot/share/classfile/systemDictionary.cpp, line 295]
Event: 3.165 Thread 0x00000298dd2e0b20 Exception <a 'java/lang/ClassNotFoundException'{0x00000000888cc2c8}: org/powermock/configuration/PowerMockConfigurationBeanInfo> (0x00000000888cc2c8) 
thrown [./open/src/hotspot/share/classfile/systemDictionary.cpp, line 295]
Event: 3.167 Thread 0x00000298dd2e0b20 Exception <a 'java/lang/ClassNotFoundException'{0x00000000888d37a8}: org/powermock/configuration/PowerMockConfigurationCustomizer> (0x00000000888d37a8) 
thrown [./open/src/hotspot/share/classfile/systemDictionary.cpp, line 295]
Event: 4.598 Thread 0x00000298dd2e0b20 Exception <a 'java/lang/NoSuchMethodError'{0x0000000087c9e170}: 'int java.lang.invoke.DirectMethodHandle$Holder.invokeStaticInit(java.lang.Object, java.lang.Object, java.lang.Object, java.lang.Object)'> (0x0000000087c9e170) 
thrown [./open/src/hotspot/share/interpreter/linkResolver.cpp, line 782]
Event: 4.600 Thread 0x00000298dd2e0b20 Exception <a 'java/lang/IncompatibleClassChangeError'{0x0000000087ca8100}: Found class java.lang.Object, but interface was expected> (0x0000000087ca8100) 
thrown [./open/src/hotspot/share/interpreter/linkResolver.cpp, line 848]
Event: 4.829 Thread 0x00000298dd2e0b20 Exception <a 'java/lang/ClassNotFoundException'{0x0000000087550a70}: java/lang/ClassLoader$ByteBuddyAccessor$5Hc6tCe5> (0x0000000087550a70) 
thrown [./open/src/hotspot/share/classfile/systemDictionary.cpp, line 295]
Event: 5.914 Thread 0x00000298dd2e0b20 Exception <a 'java/lang/NoSuchMethodError'{0x00000000832a9218}: 'int java.lang.invoke.DirectMethodHandle$Holder.invokeStaticInit(java.lang.Object, java.lang.Object, java.lang.Object)'> (0x00000000832a9218) 
thrown [./open/src/hotspot/share/interpreter/linkResolver.cpp, line 782]
Event: 6.233 Thread 0x00000298dd2e0b20 Implicit null exception at 0x00000298e8ad3cc0 to 0x00000298e8ad3d04

Events (20 events):
Event: 675.722 Executing VM operation: GetFrameCount
Event: 675.722 Executing VM operation: GetFrameCount done
Event: 675.722 Executing VM operation: GetStackTrace
Event: 675.723 Executing VM operation: GetStackTrace done
Event: 675.736 Executing VM operation: GetFrameLocation
Event: 675.736 Executing VM operation: GetFrameLocation done
Event: 675.736 Executing VM operation: get/set locals
Event: 675.737 Executing VM operation: get/set locals done
Event: 1761.409 Executing VM operation: RedefineClasses
Event: 1761.591 Executing VM operation: RedefineClasses done
Event: 1761.606 Executing VM operation: ChangeBreakpoints
Event: 1761.609 Executing VM operation: ChangeBreakpoints done
Event: 1761.612 Executing VM operation: GetFrameCount
Event: 1761.613 Executing VM operation: GetFrameCount done
Event: 1761.614 Executing VM operation: GetStackTrace
Event: 1761.614 Executing VM operation: GetStackTrace done
Event: 1761.840 Executing VM operation: GetFrameCount
Event: 1761.840 Executing VM operation: GetFrameCount done
Event: 1761.864 Executing VM operation: GetFrameLocation
Event: 1761.864 Executing VM operation: GetFrameLocation done


Dynamic libraries:
0x00007ff7511d0000 - 0x00007ff7511dd000 	C:\Users\ishas\Downloads\eclipse-jee-2021-03-R-win32-x86_64\eclipse\plugins\org.eclipse.justj.openjdk.hotspot.jre.full.win32.x86_64_15.0.2.v20210201-0955\jre\bin\javaw.exe
0x00007fffc0660000 - 0x00007fffc0869000 	C:\WINDOWS\SYSTEM32\ntdll.dll
0x00007fffbfc70000 - 0x00007fffbfd2d000 	C:\WINDOWS\System32\KERNEL32.DLL
0x00007fffbdbb0000 - 0x00007fffbdf2d000 	C:\WINDOWS\System32\KERNELBASE.dll
0x00007fffbe190000 - 0x00007fffbe2a1000 	C:\WINDOWS\System32\ucrtbase.dll
0x00007fffa7ae0000 - 0x00007fffa7af8000 	C:\Users\ishas\Downloads\eclipse-jee-2021-03-R-win32-x86_64\eclipse\plugins\org.eclipse.justj.openjdk.hotspot.jre.full.win32.x86_64_15.0.2.v20210201-0955\jre\bin\jli.dll
0x00007fffbfd90000 - 0x00007fffbff3d000 	C:\WINDOWS\System32\USER32.dll
0x00007fffbdf30000 - 0x00007fffbdf56000 	C:\WINDOWS\System32\win32u.dll
0x00007fffbed00000 - 0x00007fffbed29000 	C:\WINDOWS\System32\GDI32.dll
0x00007fffbe3d0000 - 0x00007fffbe4e8000 	C:\WINDOWS\System32\gdi32full.dll
0x00007fffbe330000 - 0x00007fffbe3cd000 	C:\WINDOWS\System32\msvcp_win.dll
0x00007fff94290000 - 0x00007fff942a9000 	C:\Users\ishas\Downloads\eclipse-jee-2021-03-R-win32-x86_64\eclipse\plugins\org.eclipse.justj.openjdk.hotspot.jre.full.win32.x86_64_15.0.2.v20210201-0955\jre\bin\VCRUNTIME140.dll
0x00007fffa38d0000 - 0x00007fffa3b75000 	C:\WINDOWS\WinSxS\amd64_microsoft.windows.common-controls_6595b64144ccf1df_6.0.22000.120_none_9d947278b86cc467\COMCTL32.dll
0x00007fffbfbc0000 - 0x00007fffbfc63000 	C:\WINDOWS\System32\msvcrt.dll
0x00007fffbff40000 - 0x00007fffbff71000 	C:\WINDOWS\System32\IMM32.DLL
0x00007fff9dfe0000 - 0x00007fff9e0f8000 	C:\Program Files (x86)\Citrix\ICA Client\epclient64.dll
0x00007fffb7630000 - 0x00007fffb763a000 	C:\WINDOWS\SYSTEM32\VERSION.dll
0x00007fffc0180000 - 0x00007fffc022e000 	C:\WINDOWS\System32\ADVAPI32.dll
0x00007fffbfff0000 - 0x00007fffc008e000 	C:\WINDOWS\System32\sechost.dll
0x00007fffbeab0000 - 0x00007fffbebd0000 	C:\WINDOWS\System32\RPCRT4.dll
0x00007fffbb120000 - 0x00007fffbb154000 	C:\WINDOWS\SYSTEM32\ntmarta.dll
0x00007fff9a4e0000 - 0x00007fff9a7c1000 	C:\Windows\pcdrm\NSCCOR0364.DLL
0x00007fffbf6f0000 - 0x00007fffbf88a000 	C:\WINDOWS\System32\ole32.dll
0x00007fffc02a0000 - 0x00007fffc0619000 	C:\WINDOWS\System32\combase.dll
0x00007fffbf6e0000 - 0x00007fffbf6e8000 	C:\WINDOWS\System32\psapi.dll
0x00007fff9a4a0000 - 0x00007fff9a4d2000 	C:\WINDOWS\pcdrm\NBID64.dll
0x00007fffbf9b0000 - 0x00007fffbfa86000 	C:\WINDOWS\System32\OLEAUT32.dll
0x00007fff9a460000 - 0x00007fff9a499000 	C:\WINDOWS\pcdrm\NFD0164.dll
0x00007fffa6420000 - 0x00007fffa642c000 	C:\Users\ishas\Downloads\eclipse-jee-2021-03-R-win32-x86_64\eclipse\plugins\org.eclipse.justj.openjdk.hotspot.jre.full.win32.x86_64_15.0.2.v20210201-0955\jre\bin\vcruntime140_1.dll
0x00007fff7c480000 - 0x00007fff7c511000 	C:\Users\ishas\Downloads\eclipse-jee-2021-03-R-win32-x86_64\eclipse\plugins\org.eclipse.justj.openjdk.hotspot.jre.full.win32.x86_64_15.0.2.v20210201-0955\jre\bin\msvcp140.dll
0x00007fff39660000 - 0x00007fff3a1be000 	C:\Users\ishas\Downloads\eclipse-jee-2021-03-R-win32-x86_64\eclipse\plugins\org.eclipse.justj.openjdk.hotspot.jre.full.win32.x86_64_15.0.2.v20210201-0955\jre\bin\server\jvm.dll
0x00007fffa33a0000 - 0x00007fffa33a9000 	C:\WINDOWS\SYSTEM32\WSOCK32.dll
0x00000298dd1e0000 - 0x00000298dd24f000 	C:\WINDOWS\System32\WS2_32.dll
0x00007fffb7ae0000 - 0x00007fffb7b13000 	C:\WINDOWS\SYSTEM32\WINMM.dll
0x00007fffbcc40000 - 0x00007fffbcc58000 	C:\WINDOWS\SYSTEM32\kernel.appcore.dll
0x00007fffa82c0000 - 0x00007fffa82ca000 	C:\Users\ishas\Downloads\eclipse-jee-2021-03-R-win32-x86_64\eclipse\plugins\org.eclipse.justj.openjdk.hotspot.jre.full.win32.x86_64_15.0.2.v20210201-0955\jre\bin\jimage.dll
0x00007fffbb6c0000 - 0x00007fffbb8e1000 	C:\WINDOWS\SYSTEM32\DBGHELP.DLL
0x00007fffa2e20000 - 0x00007fffa2e51000 	C:\WINDOWS\SYSTEM32\dbgcore.DLL
0x00007fffbe2b0000 - 0x00007fffbe32f000 	C:\WINDOWS\System32\bcryptPrimitives.dll
0x00007fff7e7a0000 - 0x00007fff7e7d9000 	C:\Users\ishas\Downloads\eclipse-jee-2021-03-R-win32-x86_64\eclipse\plugins\org.eclipse.justj.openjdk.hotspot.jre.full.win32.x86_64_15.0.2.v20210201-0955\jre\bin\jdwp.dll
0x00007fffa7b40000 - 0x00007fffa7b4e000 	C:\Users\ishas\Downloads\eclipse-jee-2021-03-R-win32-x86_64\eclipse\plugins\org.eclipse.justj.openjdk.hotspot.jre.full.win32.x86_64_15.0.2.v20210201-0955\jre\bin\instrument.dll
0x00007fff9a1e0000 - 0x00007fff9a205000 	C:\Users\ishas\Downloads\eclipse-jee-2021-03-R-win32-x86_64\eclipse\plugins\org.eclipse.justj.openjdk.hotspot.jre.full.win32.x86_64_15.0.2.v20210201-0955\jre\bin\java.dll
0x00007fffa7a80000 - 0x00007fffa7a98000 	C:\Users\ishas\Downloads\eclipse-jee-2021-03-R-win32-x86_64\eclipse\plugins\org.eclipse.justj.openjdk.hotspot.jre.full.win32.x86_64_15.0.2.v20210201-0955\jre\bin\zip.dll
0x00007fffbef20000 - 0x00007fffbf6d8000 	C:\WINDOWS\System32\SHELL32.dll
0x00007fffbbcb0000 - 0x00007fffbc518000 	C:\WINDOWS\SYSTEM32\windows.storage.dll
0x00007fffbbb40000 - 0x00007fffbbca6000 	C:\WINDOWS\SYSTEM32\wintypes.dll
0x00007fffbe4f0000 - 0x00007fffbe5da000 	C:\WINDOWS\System32\SHCORE.dll
0x00000298f8ab0000 - 0x00000298f8b0d000 	C:\WINDOWS\System32\shlwapi.dll
0x00007fffbda70000 - 0x00007fffbda91000 	C:\WINDOWS\SYSTEM32\profapi.dll
0x00007fffb7620000 - 0x00007fffb762b000 	C:\Users\ishas\Downloads\eclipse-jee-2021-03-R-win32-x86_64\eclipse\plugins\org.eclipse.justj.openjdk.hotspot.jre.full.win32.x86_64_15.0.2.v20210201-0955\jre\bin\dt_socket.dll
0x00007fffbc770000 - 0x00007fffbc79d000 	C:\WINDOWS\SYSTEM32\IPHLPAPI.DLL
0x00007fffbd070000 - 0x00007fffbd0d7000 	C:\WINDOWS\system32\mswsock.dll
0x00007fffbc7a0000 - 0x00007fffbc888000 	C:\WINDOWS\SYSTEM32\DNSAPI.dll
0x00007fffbeef0000 - 0x00007fffbeef9000 	C:\WINDOWS\System32\NSI.dll
0x00007fffaee70000 - 0x00007fffaee7a000 	C:\Windows\System32\rasadhlp.dll
0x00007fffb6610000 - 0x00007fffb6691000 	C:\WINDOWS\System32\fwpuclnt.dll
0x00007fff9b140000 - 0x00007fff9b159000 	C:\Users\ishas\Downloads\eclipse-jee-2021-03-R-win32-x86_64\eclipse\plugins\org.eclipse.justj.openjdk.hotspot.jre.full.win32.x86_64_15.0.2.v20210201-0955\jre\bin\net.dll
0x00007fffb72e0000 - 0x00007fffb73ec000 	C:\WINDOWS\SYSTEM32\WINHTTP.dll
0x00007fff942b0000 - 0x00007fff942c2000 	C:\Users\ishas\Downloads\eclipse-jee-2021-03-R-win32-x86_64\eclipse\plugins\org.eclipse.justj.openjdk.hotspot.jre.full.win32.x86_64_15.0.2.v20210201-0955\jre\bin\nio.dll
0x00007fffa75c0000 - 0x00007fffa75d0000 	C:\Users\ishas\Downloads\eclipse-jee-2021-03-R-win32-x86_64\eclipse\plugins\org.eclipse.justj.openjdk.hotspot.jre.full.win32.x86_64_15.0.2.v20210201-0955\jre\bin\verify.dll
0x00007fffb7180000 - 0x00007fffb7199000 	C:\WINDOWS\SYSTEM32\dhcpcsvc6.DLL
0x00007fffb76b0000 - 0x00007fffb76ce000 	C:\WINDOWS\SYSTEM32\dhcpcsvc.DLL

dbghelp: loaded successfully - version: 4.0.5 - missing functions: none
symbol engine: initialized successfully - sym options: 0x614 - pdb path: .;C:\Users\ishas\Downloads\eclipse-jee-2021-03-R-win32-x86_64\eclipse\plugins\org.eclipse.justj.openjdk.hotspot.jre.full.win32.x86_64_15.0.2.v20210201-0955\jre\bin;C:\WINDOWS\SYSTEM32;C:\WINDOWS\WinSxS\amd64_microsoft.windows.common-controls_6595b64144ccf1df_6.0.22000.120_none_9d947278b86cc467;C:\Program Files (x86)\Citrix\ICA Client;C:\Windows\pcdrm;C:\Users\ishas\Downloads\eclipse-jee-2021-03-R-win32-x86_64\eclipse\plugins\org.eclipse.justj.openjdk.hotspot.jre.full.win32.x86_64_15.0.2.v20210201-0955\jre\bin\server

VM Arguments:
jvm_args: -XX:+ShowCodeDetailsInExceptionMessages -agentlib:jdwp=transport=dt_socket,suspend=y,address=localhost:59298 -ea -javaagent:C:\Users\ishas\Downloads\eclipse-jee-2021-03-R-win32-x86_64\eclipse\configuration\org.eclipse.osgi\412\0\.cp\lib\javaagent-shaded.jar -Dfile.encoding=UTF-8 
java_command: org.eclipse.jdt.internal.junit.runner.RemoteTestRunner -version 3 -port 59293 -testLoaderClass org.eclipse.jdt.internal.junit5.runner.JUnit5TestLoader -loaderpluginname org.eclipse.jdt.junit5.runtime -classNames com.citi.FeedGenerator.repository.TransactionRepositoryImplTest
java_class_path (initial): C:\Users\ishas\git\CitiBridge-Group19\Backend\target\test-classes;C:\Users\ishas\git\CitiBridge-Group19\Backend\target\classes;C:\Users\ishas\.m2\repository\org\springframework\boot\spring-boot-starter\2.6.6\spring-boot-starter-2.6.6.jar;C:\Users\ishas\.m2\repository\org\springframework\boot\spring-boot\2.6.6\spring-boot-2.6.6.jar;C:\Users\ishas\.m2\repository\org\springframework\spring-context\5.3.18\spring-context-5.3.18.jar;C:\Users\ishas\.m2\repository\org\springframework\boot\spring-boot-autoconfigure\2.6.6\spring-boot-autoconfigure-2.6.6.jar;C:\Users\ishas\.m2\repository\org\springframework\boot\spring-boot-starter-logging\2.6.6\spring-boot-starter-logging-2.6.6.jar;C:\Users\ishas\.m2\repository\ch\qos\logback\logback-classic\1.2.11\logback-classic-1.2.11.jar;C:\Users\ishas\.m2\repository\ch\qos\logback\logback-core\1.2.11\logback-core-1.2.11.jar;C:\Users\ishas\.m2\repository\org\apache\logging\log4j\log4j-to-slf4j\2.17.2\log4j-to-slf4j-2.17.2.jar;C:\Users\ishas\.m2\repository\org\apache\logging\log4j\log4j-api\2.17.2\log4j-api-2.17.2.jar;C:\Users\ishas\.m2\repository\org\slf4j\jul-to-slf4j\1.7.36\jul-to-slf4j-1.7.36.jar;C:\Users\ishas\.m2\repository\jakarta\annotation\jakarta.annotation-api\1.3.5\jakarta.annotation-api-1.3.5.jar;C:\Users\ishas\.m2\repository\org\springframework\spring-core\5.3.18\spring-core-5.3.18.jar;C:\Users\ishas\.m2\repository\org\springframework\spring-jcl\5.3.18\spring-jcl-5.3.18.jar;C:\Users\ishas\.m2\repository\org\yaml\snakeyaml\1.29\snakeyaml-1.29.jar;C:\Users\ishas\.m2\repository\org\springframework\boot\spring-boot-starter-test\2.6.6\spring-boot-starter-test-2.6.6.jar;C:\Users\ishas\.m2\repository\org\springframework\boot\spring-boot-test\2.6.6\spring-boot-test-2.6.6.jar;C:\Users\ishas\.m2\repository\org\springframework\boot\spring-boot-test-autoconfigure\2.6.6\spring-boot-test-autoconfigure-2.6.6.jar;C:\Users\ishas\.m2\repository\com\jayway\jsonpath\json-path\2.6.0\json-path-2.6.0.jar;C:\Users\ishas\
Launcher Type: SUN_STANDARD

[Global flags]
     intx CICompilerCount                          = 4                                         {product} {ergonomic}
     uint ConcGCThreads                            = 2                                         {product} {ergonomic}
     uint G1ConcRefinementThreads                  = 8                                         {product} {ergonomic}
   size_t G1HeapRegionSize                         = 1048576                                   {product} {ergonomic}
    uintx GCDrainStackTargetSize                   = 64                                        {product} {ergonomic}
   size_t InitialHeapSize                          = 134217728                                 {product} {ergonomic}
   size_t MarkStackSize                            = 4194304                                   {product} {ergonomic}
   size_t MaxHeapSize                              = 2116026368                                {product} {ergonomic}
   size_t MaxNewSize                               = 1268776960                                {product} {ergonomic}
   size_t MinHeapDeltaBytes                        = 1048576                                   {product} {ergonomic}
   size_t MinHeapSize                              = 8388608                                   {product} {ergonomic}
    uintx NonNMethodCodeHeapSize                   = 5839372                                {pd product} {ergonomic}
    uintx NonProfiledCodeHeapSize                  = 122909434                              {pd product} {ergonomic}
    uintx ProfiledCodeHeapSize                     = 122909434                              {pd product} {ergonomic}
    uintx ReservedCodeCacheSize                    = 251658240                              {pd product} {ergonomic}
     bool SegmentedCodeCache                       = true                                      {product} {ergonomic}
     bool ShowCodeDetailsInExceptionMessages       = true                                   {manageable} {command line}
   size_t SoftMaxHeapSize                          = 2116026368                             {manageable} {ergonomic}
     bool UseCompressedClassPointers               = true                                 {lp64_product} {ergonomic}
     bool UseCompressedOops                        = true                                 {lp64_product} {ergonomic}
     bool UseG1GC                                  = true                                      {product} {ergonomic}
     bool UseLargePagesIndividualAllocation        = false                                  {pd product} {ergonomic}

Logging:
Log output configuration:
 #0: stdout all=warning uptime,level,tags
 #1: stderr all=off uptime,level,tags

Environment Variables:
JAVA_HOME=C:\Program Files\Java\jdk-16.0.1
CLASSPATH=C:\Users\ishas\Downloads\mysql-connector-java-8.0.24.jar;.;
PATH=C:\Users\ishas\Downloads\eclipse-jee-2021-03-R-win32-x86_64\eclipse\plugins\org.eclipse.justj.openjdk.hotspot.jre.full.win32.x86_64_15.0.2.v20210201-0955\jre\bin;C:/Users/ishas/Downloads/eclipse-jee-2021-03-R-win32-x86_64/eclipse//plugins/org.eclipse.justj.openjdk.hotspot.jre.full.win32.x86_64_15.0.2.v20210201-0955/jre/bin/server;C:/Users/ishas/Downloads/eclipse-jee-2021-03-R-win32-x86_64/eclipse//plugins/org.eclipse.justj.openjdk.hotspot.jre.full.win32.x86_64_15.0.2.v20210201-0955/jre/bin;C:\Python310\Scripts\;C:\Python310\;C:\Program Files\Common Files\Oracle\Java\javapath;C:\WINDOWS\system32;C:\WINDOWS;C:\WINDOWS\System32\Wbem;C:\WINDOWS\System32\WindowsPowerShell\v1.0\;C:\WINDOWS\System32\OpenSSH\;C:\windows\IsmFiles;C:\MinGW\bin;C:\Program Files\Git\cmd;C:\ProgramData\chocolatey\bin;C:\Users\ishas\AppData\Roaming\nvm;C:\Program Files\nodejs;%JAVA_HOME%\bin;C:\Users\ishas\apache-tomcat-10.0.5\bin;%M2_HOME%\bin;C:\Users\ishas\Downloads\apache-maven-3.8.5-bin\apache-maven-3.8.5\bin;C:\Users\ishas\AppData\Local\Programs\Python\Python39\Scripts\;C:\Users\ishas\AppData\Local\Programs\Python\Python39\;C:\Users\ishas\AppData\Local\Microsoft\WindowsApps;C:\Program Files\JetBrains\IntelliJ IDEA Community Edition 2021.1.1\bin;;C:\Program Files\MongoDB\Server\5.0\bin;C:\Users\ishas\AppData\Roaming\npm;C:\Users\ishas\AppData\Roaming\nvm;C:\Program Files\nodejs;C:\Python33\Scripts;;C:\Users\ishas\AppData\Local\Programs\Microsoft VS Code\bin;C:\Program Files\JetBrains\PyCharm Community Edition 2022.1.2\bin;;C:\Users\ishas\Downloads\eclipse-jee-2021-03-R-win32-x86_64\eclipse;
USERNAME=ishas
OS=Windows_NT
PROCESSOR_IDENTIFIER=Intel64 Family 6 Model 142 Stepping 12, GenuineIntel



---------------  S Y S T E M  ---------------

OS:
 Windows 10 , 64 bit Build 22000 (10.0.22000.708)
OS uptime: 40 days 3:16 hours

CPU: total 8 (initial active 8) (4 cores per cpu, 2 threads per core) family 6 model 142 stepping 12 microcode 0xde, cmov, cx8, fxsr, mmx, sse, sse2, sse3, ssse3, sse4.1, sse4.2, popcnt, vzeroupper, avx, avx2, aes, clmul, erms, 3dnowpref, lzcnt, ht, tsc, tscinvbit, bmi1, bmi2, adx, fma, clflush, clflushopt

Memory: 4k page, system-wide physical 8070M (411M free)
TotalPageFile size 28603M (AvailPageFile size 7440M)
current process WorkingSet (physical memory assigned to process): 46M, peak: 176M
current process commit charge ("private bytes"): 157M, peak: 287M

vm_info: OpenJDK 64-Bit Server VM (15.0.2+7-27) for windows-amd64 JRE (15.0.2+7-27), built on Dec  7 2020 20:02:38 by "mach5one" with unknown MS VC++:1925

END.
